<?xml version="1.0" encoding="UTF-8"?>
<testng-results ignored="0" total="2" passed="2" failed="0" skipped="0">
  <reporter-output>
  </reporter-output>
  <suite started-at="2021-05-17T23:29:20 BST" name="Surefire suite" finished-at="2021-05-17T23:30:01 BST" duration-ms="40570">
    <groups>
    </groups>
    <test started-at="2021-05-17T23:29:20 BST" name="Surefire test" finished-at="2021-05-17T23:30:01 BST" duration-ms="40570">
      <class name="com.hpdlendscape.DemoTest">
        <test-method is-config="true" signature="setUp()[pri:0, instance:com.hpdlendscape.DemoTest@679b62af]" started-at="2021-05-17T23:29:20 BST" name="setUp" finished-at="2021-05-17T23:29:24 BST" duration-ms="3555" status="PASS">
          <reporter-output>
          </reporter-output>
        </test-method> <!-- setUp -->
        <test-method signature="flightTest(java.util.HashMap)[pri:0, instance:com.hpdlendscape.DemoTest@679b62af]" started-at="2021-05-17T23:29:24 BST" name="flightTest" data-provider="getData" finished-at="2021-05-17T23:29:46 BST" duration-ms="21320" status="PASS">
          <params>
            <param index="0">
              <value>
                <![CDATA[{destination=HYD, destination2=DEL, origin=MAA}]]>
              </value>
            </param>
          </params>
          <reporter-output>
          </reporter-output>
        </test-method> <!-- flightTest -->
        <test-method signature="flightTest(java.util.HashMap)[pri:0, instance:com.hpdlendscape.DemoTest@679b62af]" started-at="2021-05-17T23:29:46 BST" name="flightTest" data-provider="getData" finished-at="2021-05-17T23:29:59 BST" duration-ms="13527" status="PASS">
          <params>
            <param index="0">
              <value>
                <![CDATA[{destination=HYD, destination2=MAA, origin=DEL}]]>
              </value>
            </param>
          </params>
          <reporter-output>
          </reporter-output>
        </test-method> <!-- flightTest -->
        <test-method is-config="true" signature="tearDown()[pri:0, instance:com.hpdlendscape.DemoTest@679b62af]" started-at="2021-05-17T23:29:59 BST" name="tearDown" finished-at="2021-05-17T23:30:01 BST" duration-ms="1678" status="PASS">
          <reporter-output>
          </reporter-output>
        </test-method> <!-- tearDown -->
      </class> <!-- com.hpdlendscape.DemoTest -->
    </test> <!-- Surefire test -->
  </suite> <!-- Surefire suite -->
</testng-results>
